INFO [2021-11-08 20:25:27] [[1]]
INFO [2021-11-08 20:25:27] vectors
INFO [2021-11-08 20:25:27] 
INFO [2021-11-08 20:25:27] $fill
INFO [2021-11-08 20:25:27] fill
INFO [2021-11-08 20:25:27] 
INFO [2021-11-08 20:25:27] $alpha
INFO [2021-11-08 20:25:27] alpha
INFO [2021-11-08 20:25:27] 
INFO [2021-11-08 20:25:27] $cat.pos
INFO [2021-11-08 20:25:27] cat.pos
INFO [2021-11-08 20:25:27] 
INFO [2021-11-08 20:25:27] $cat.fontface
INFO [2021-11-08 20:25:27] [1] "bold"
INFO [2021-11-08 20:25:27] 
INFO [2021-11-08 20:25:27] $cat.cex
INFO [2021-11-08 20:25:27] cat.cex
INFO [2021-11-08 20:25:27] 
INFO [2021-11-08 20:25:27] $cex
INFO [2021-11-08 20:25:27] cex
INFO [2021-11-08 20:25:27] 
INFO [2021-11-08 20:25:27] $filename
INFO [2021-11-08 20:25:27] NULL
INFO [2021-11-08 20:25:27] 
