INFO [2021-11-08 20:25:04] [[1]]
INFO [2021-11-08 20:25:04] vectors
INFO [2021-11-08 20:25:04] 
INFO [2021-11-08 20:25:04] $fill
INFO [2021-11-08 20:25:04] fill
INFO [2021-11-08 20:25:04] 
INFO [2021-11-08 20:25:04] $alpha
INFO [2021-11-08 20:25:04] alpha
INFO [2021-11-08 20:25:04] 
INFO [2021-11-08 20:25:04] $cat.pos
INFO [2021-11-08 20:25:04] cat.pos
INFO [2021-11-08 20:25:04] 
INFO [2021-11-08 20:25:04] $cat.fontface
INFO [2021-11-08 20:25:04] [1] "bold"
INFO [2021-11-08 20:25:04] 
INFO [2021-11-08 20:25:04] $cat.cex
INFO [2021-11-08 20:25:04] cat.cex
INFO [2021-11-08 20:25:04] 
INFO [2021-11-08 20:25:04] $cex
INFO [2021-11-08 20:25:04] cex
INFO [2021-11-08 20:25:04] 
INFO [2021-11-08 20:25:04] $filename
INFO [2021-11-08 20:25:04] NULL
INFO [2021-11-08 20:25:04] 
ERROR [2021-11-08 20:25:04] Unexpected parameter length for 'cat.pos'
