INFO [2021-11-08 20:27:28] [[1]]
INFO [2021-11-08 20:27:28] vectors
INFO [2021-11-08 20:27:28] 
INFO [2021-11-08 20:27:28] $fill
INFO [2021-11-08 20:27:28] fill
INFO [2021-11-08 20:27:28] 
INFO [2021-11-08 20:27:28] $alpha
INFO [2021-11-08 20:27:28] alpha
INFO [2021-11-08 20:27:28] 
INFO [2021-11-08 20:27:28] $cat.pos
INFO [2021-11-08 20:27:28] cat.pos
INFO [2021-11-08 20:27:28] 
INFO [2021-11-08 20:27:28] $cat.fontface
INFO [2021-11-08 20:27:28] [1] "bold"
INFO [2021-11-08 20:27:28] 
INFO [2021-11-08 20:27:28] $cat.cex
INFO [2021-11-08 20:27:28] cat.cex
INFO [2021-11-08 20:27:28] 
INFO [2021-11-08 20:27:28] $cex
INFO [2021-11-08 20:27:28] cex
INFO [2021-11-08 20:27:28] 
INFO [2021-11-08 20:27:28] $filename
INFO [2021-11-08 20:27:28] NULL
INFO [2021-11-08 20:27:28] 
