INFO [2021-11-08 20:27:18] [[1]]
INFO [2021-11-08 20:27:18] vectors
INFO [2021-11-08 20:27:18] 
INFO [2021-11-08 20:27:18] $fill
INFO [2021-11-08 20:27:18] fill
INFO [2021-11-08 20:27:18] 
INFO [2021-11-08 20:27:18] $alpha
INFO [2021-11-08 20:27:18] alpha
INFO [2021-11-08 20:27:18] 
INFO [2021-11-08 20:27:18] $cat.pos
INFO [2021-11-08 20:27:18] cat.pos
INFO [2021-11-08 20:27:18] 
INFO [2021-11-08 20:27:18] $cat.fontface
INFO [2021-11-08 20:27:18] [1] "bold"
INFO [2021-11-08 20:27:18] 
INFO [2021-11-08 20:27:18] $cat.cex
INFO [2021-11-08 20:27:18] cat.cex
INFO [2021-11-08 20:27:18] 
INFO [2021-11-08 20:27:18] $cex
INFO [2021-11-08 20:27:18] cex
INFO [2021-11-08 20:27:18] 
INFO [2021-11-08 20:27:18] $filename
INFO [2021-11-08 20:27:18] NULL
INFO [2021-11-08 20:27:18] 
