INFO [2021-11-08 20:26:19] [[1]]
INFO [2021-11-08 20:26:19] vectors
INFO [2021-11-08 20:26:19] 
INFO [2021-11-08 20:26:19] $fill
INFO [2021-11-08 20:26:19] fill
INFO [2021-11-08 20:26:19] 
INFO [2021-11-08 20:26:19] $alpha
INFO [2021-11-08 20:26:19] alpha
INFO [2021-11-08 20:26:19] 
INFO [2021-11-08 20:26:19] $cat.fontface
INFO [2021-11-08 20:26:19] [1] "bold"
INFO [2021-11-08 20:26:19] 
INFO [2021-11-08 20:26:19] $cat.cex
INFO [2021-11-08 20:26:19] cat.cex
INFO [2021-11-08 20:26:19] 
INFO [2021-11-08 20:26:19] $cex
INFO [2021-11-08 20:26:19] cex
INFO [2021-11-08 20:26:19] 
INFO [2021-11-08 20:26:19] $filename
INFO [2021-11-08 20:26:19] NULL
INFO [2021-11-08 20:26:19] 
