INFO [2021-11-08 20:26:05] [[1]]
INFO [2021-11-08 20:26:05] vectors
INFO [2021-11-08 20:26:05] 
INFO [2021-11-08 20:26:05] $fill
INFO [2021-11-08 20:26:05] fill
INFO [2021-11-08 20:26:05] 
INFO [2021-11-08 20:26:05] $alpha
INFO [2021-11-08 20:26:05] alpha
INFO [2021-11-08 20:26:05] 
INFO [2021-11-08 20:26:05] $cat.pos
INFO [2021-11-08 20:26:05] cat.pos
INFO [2021-11-08 20:26:05] 
INFO [2021-11-08 20:26:05] $cat.fontface
INFO [2021-11-08 20:26:05] [1] "bold"
INFO [2021-11-08 20:26:05] 
INFO [2021-11-08 20:26:05] $cat.cex
INFO [2021-11-08 20:26:05] cat.cex
INFO [2021-11-08 20:26:05] 
INFO [2021-11-08 20:26:05] $cex
INFO [2021-11-08 20:26:05] cex
INFO [2021-11-08 20:26:05] 
INFO [2021-11-08 20:26:05] $filename
INFO [2021-11-08 20:26:05] NULL
INFO [2021-11-08 20:26:05] 
